<?xml version="1.0" encoding="UTF-8"?>
<!-- Generated by org.testng.reporters.JUnitReportReporter -->
<testsuite hostname="fedora" failures="0" tests="1" name="holaMundoTesting.TestNgTest" time="0.019" errors="0" timestamp="2022-11-14T20:51:40 EST" skipped="0">
  <testcase classname="holaMundoTesting.TestNgTest" name="testmethod" time="0.019"/>
  <system-out/>
</testsuite> <!-- holaMundoTesting.TestNgTest -->
